# JRE version: OpenJDK Runtime Environment Temurin-21.0.9+10 (21.0.9+10) (build 21.0.9+10-LTS)
# Java VM: OpenJDK 64-Bit Server VM Temurin-21.0.9+10 (21.0.9+10-LTS, mixed mode, sharing, tiered, compressed oops, compressed class ptrs, parallel gc, windows-amd64)
GC Precious Log:
 CardTable entry size: 512
 CPUs: 16 total, 16 available
 Memory: 15709M
 Large Page Support: Disabled
 NUMA Support: Disabled
 Compressed Oops: Enabled (32-bit)
 Alignments: Space 512K, Generation 512K, Heap 2M
 Heap Min Capacity: 100M
 Heap Initial Capacity: 100M
 Heap Max Capacity: 2G
 Pre-touch: Disabled
 Parallel Workers: 13
Heap:
 PSYoungGen      total 14848K, used 6515K [0x00000000d5580000, 0x00000000d6880000, 0x0000000100000000)
  eden space 14336K, 42% used [0x00000000d5580000,0x00000000d5b7cd98,0x00000000d6380000)
  from space 512K, 75% used [0x00000000d6800000,0x00000000d6860000,0x00000000d6880000)
  to   space 1024K, 0% used [0x00000000d6680000,0x00000000d6680000,0x00000000d6780000)
 ParOldGen       total 112128K, used 111880K [0x0000000080000000, 0x0000000086d80000, 0x00000000d5580000)
  object space 112128K, 99% used [0x0000000080000000,0x0000000086d42178,0x0000000086d80000)
 Metaspace       used 72089K, committed 73728K, reserved 1114112K
  class space    used 7696K, committed 8384K, reserved 1048576K
GC Heap History (20 events):
Event: 24.967 GC heap before
{Heap before GC invocations=112 (full 3):
 PSYoungGen      total 17408K, used 17378K [0x00000000d5580000, 0x00000000d6880000, 0x0000000100000000)
  eden space 16384K, 100% used [0x00000000d5580000,0x00000000d6580000,0x00000000d6580000)
  from space 1024K, 97% used [0x00000000d6780000,0x00000000d6878910,0x00000000d6880000)
  to   space 1024K, 0% used [0x00000000d6600000,0x00000000d6600000,0x00000000d6700000)
 ParOldGen       total 78848K, used 78653K [0x0000000080000000, 0x0000000084d00000, 0x00000000d5580000)
  object space 78848K, 99% used [0x0000000080000000,0x0000000084ccf468,0x0000000084d00000)
 Metaspace       used 63928K, committed 65472K, reserved 1114112K
  class space    used 6889K, committed 7552K, reserved 1048576K
}
Event: 24.967 GC heap after
{Heap after GC invocations=112 (full 3):
 PSYoungGen      total 17408K, used 1024K [0x00000000d5580000, 0x00000000d6980000, 0x0000000100000000)
  eden space 16384K, 0% used [0x00000000d5580000,0x00000000d5580000,0x00000000d6580000)
  from space 1024K, 100% used [0x00000000d6600000,0x00000000d6700000,0x00000000d6700000)
  to   space 2048K, 0% used [0x00000000d6780000,0x00000000d6780000,0x00000000d6980000)
 ParOldGen       total 79872K, used 79439K [0x0000000080000000, 0x0000000084e00000, 0x00000000d5580000)
  object space 79872K, 99% used [0x0000000080000000,0x0000000084d93d78,0x0000000084e00000)
 Metaspace       used 63928K, committed 65472K, reserved 1114112K
  class space    used 6889K, committed 7552K, reserved 1048576K
}
Event: 25.097 GC heap before
{Heap before GC invocations=113 (full 3):
 PSYoungGen      total 17408K, used 17408K [0x00000000d5580000, 0x00000000d6980000, 0x0000000100000000)
  eden space 16384K, 100% used [0x00000000d5580000,0x00000000d6580000,0x00000000d6580000)
  from space 1024K, 100% used [0x00000000d6600000,0x00000000d6700000,0x00000000d6700000)
  to   space 2048K, 0% used [0x00000000d6780000,0x00000000d6780000,0x00000000d6980000)
 ParOldGen       total 79872K, used 79439K [0x0000000080000000, 0x0000000084e00000, 0x00000000d5580000)
  object space 79872K, 99% used [0x0000000080000000,0x0000000084d93d78,0x0000000084e00000)
 Metaspace       used 64992K, committed 66624K, reserved 1114112K
  class space    used 7009K, committed 7680K, reserved 1048576K
}
Event: 25.098 GC heap after
{Heap after GC invocations=113 (full 3):
 PSYoungGen      total 16896K, used 2045K [0x00000000d5580000, 0x00000000d6c80000, 0x0000000100000000)
  eden space 14848K, 0% used [0x00000000d5580000,0x00000000d5580000,0x00000000d6400000)
  from space 2048K, 99% used [0x00000000d6780000,0x00000000d697f5f8,0x00000000d6980000)
  to   space 3584K, 0% used [0x00000000d6400000,0x00000000d6400000,0x00000000d6780000)
 ParOldGen       total 80896K, used 80564K [0x0000000080000000, 0x0000000084f00000, 0x00000000d5580000)
  object space 80896K, 99% used [0x0000000080000000,0x0000000084ead218,0x0000000084f00000)
 Metaspace       used 64992K, committed 66624K, reserved 1114112K
  class space    used 7009K, committed 7680K, reserved 1048576K
}
Event: 25.323 GC heap before
{Heap before GC invocations=114 (full 3):
 PSYoungGen      total 16896K, used 16893K [0x00000000d5580000, 0x00000000d6c80000, 0x0000000100000000)
  eden space 14848K, 100% used [0x00000000d5580000,0x00000000d6400000,0x00000000d6400000)
  from space 2048K, 99% used [0x00000000d6780000,0x00000000d697f5f8,0x00000000d6980000)
  to   space 3584K, 0% used [0x00000000d6400000,0x00000000d6400000,0x00000000d6780000)
 ParOldGen       total 80896K, used 80564K [0x0000000080000000, 0x0000000084f00000, 0x00000000d5580000)
  object space 80896K, 99% used [0x0000000080000000,0x0000000084ead218,0x0000000084f00000)
 Metaspace       used 65841K, committed 67520K, reserved 1114112K
  class space    used 7101K, committed 7808K, reserved 1048576K
}
Event: 25.325 GC heap after
{Heap after GC invocations=114 (full 3):
 PSYoungGen      total 15872K, used 800K [0x00000000d5580000, 0x00000000d6800000, 0x0000000100000000)
  eden space 14848K, 0% used [0x00000000d5580000,0x00000000d5580000,0x00000000d6400000)
  from space 1024K, 78% used [0x00000000d6400000,0x00000000d64c8000,0x00000000d6500000)
  to   space 2048K, 0% used [0x00000000d6600000,0x00000000d6600000,0x00000000d6800000)
 ParOldGen       total 82432K, used 82354K [0x0000000080000000, 0x0000000085080000, 0x00000000d5580000)
  object space 82432K, 99% used [0x0000000080000000,0x000000008506c880,0x0000000085080000)
 Metaspace       used 65841K, committed 67520K, reserved 1114112K
  class space    used 7101K, committed 7808K, reserved 1048576K
}
Event: 25.516 GC heap before
{Heap before GC invocations=115 (full 3):
 PSYoungGen      total 15872K, used 15647K [0x00000000d5580000, 0x00000000d6800000, 0x0000000100000000)
  eden space 14848K, 99% used [0x00000000d5580000,0x00000000d63fffd8,0x00000000d6400000)
  from space 1024K, 78% used [0x00000000d6400000,0x00000000d64c8000,0x00000000d6500000)
  to   space 2048K, 0% used [0x00000000d6600000,0x00000000d6600000,0x00000000d6800000)
 ParOldGen       total 105984K, used 105394K [0x0000000080000000, 0x0000000086780000, 0x00000000d5580000)
  object space 105984K, 99% used [0x0000000080000000,0x00000000866ec8a0,0x0000000086780000)
 Metaspace       used 66407K, committed 68096K, reserved 1114112K
  class space    used 7162K, committed 7872K, reserved 1048576K
}
Event: 25.517 GC heap after
{Heap after GC invocations=115 (full 3):
 PSYoungGen      total 15872K, used 522K [0x00000000d5580000, 0x00000000d6700000, 0x0000000100000000)
  eden space 14848K, 0% used [0x00000000d5580000,0x00000000d5580000,0x00000000d6400000)
  from space 1024K, 51% used [0x00000000d6600000,0x00000000d66828f8,0x00000000d6700000)
  to   space 1024K, 0% used [0x00000000d6400000,0x00000000d6400000,0x00000000d6500000)
 ParOldGen       total 106496K, used 106007K [0x0000000080000000, 0x0000000086800000, 0x00000000d5580000)
  object space 106496K, 99% used [0x0000000080000000,0x0000000086785fc8,0x0000000086800000)
 Metaspace       used 66407K, committed 68096K, reserved 1114112K
  class space    used 7162K, committed 7872K, reserved 1048576K
}
Event: 1715.827 GC heap before
{Heap before GC invocations=116 (full 3):
 PSYoungGen      total 15872K, used 15370K [0x00000000d5580000, 0x00000000d6700000, 0x0000000100000000)
  eden space 14848K, 100% used [0x00000000d5580000,0x00000000d6400000,0x00000000d6400000)
  from space 1024K, 51% used [0x00000000d6600000,0x00000000d66828f8,0x00000000d6700000)
  to   space 1024K, 0% used [0x00000000d6400000,0x00000000d6400000,0x00000000d6500000)
 ParOldGen       total 106496K, used 106007K [0x0000000080000000, 0x0000000086800000, 0x00000000d5580000)
  object space 106496K, 99% used [0x0000000080000000,0x0000000086785fc8,0x0000000086800000)
 Metaspace       used 67399K, committed 68992K, reserved 1114112K
  class space    used 7264K, committed 7936K, reserved 1048576K
}
Event: 1715.830 GC heap after
{Heap after GC invocations=116 (full 3):
 PSYoungGen      total 15872K, used 996K [0x00000000d5580000, 0x00000000d6a00000, 0x0000000100000000)
  eden space 14848K, 0% used [0x00000000d5580000,0x00000000d5580000,0x00000000d6400000)
  from space 1024K, 97% used [0x00000000d6400000,0x00000000d64f9210,0x00000000d6500000)
  to   space 3072K, 0% used [0x00000000d6700000,0x00000000d6700000,0x00000000d6a00000)
 ParOldGen       total 108032K, used 107648K [0x0000000080000000, 0x0000000086980000, 0x00000000d5580000)
  object space 108032K, 99% used [0x0000000080000000,0x0000000086920068,0x0000000086980000)
 Metaspace       used 67399K, committed 68992K, reserved 1114112K
  class space    used 7264K, committed 7936K, reserved 1048576K
}
Event: 1717.056 GC heap before
{Heap before GC invocations=117 (full 3):
 PSYoungGen      total 15872K, used 15844K [0x00000000d5580000, 0x00000000d6a00000, 0x0000000100000000)
  eden space 14848K, 100% used [0x00000000d5580000,0x00000000d6400000,0x00000000d6400000)
  from space 1024K, 97% used [0x00000000d6400000,0x00000000d64f9210,0x00000000d6500000)
  to   space 3072K, 0% used [0x00000000d6700000,0x00000000d6700000,0x00000000d6a00000)
 ParOldGen       total 108032K, used 107648K [0x0000000080000000, 0x0000000086980000, 0x00000000d5580000)
  object space 108032K, 99% used [0x0000000080000000,0x0000000086920068,0x0000000086980000)
 Metaspace       used 68598K, committed 70208K, reserved 1114112K
  class space    used 7396K, committed 8064K, reserved 1048576K
}
Event: 1717.057 GC heap after
{Heap after GC invocations=117 (full 3):
 PSYoungGen      total 16384K, used 1097K [0x00000000d5580000, 0x00000000d6880000, 0x0000000100000000)
  eden space 14848K, 0% used [0x00000000d5580000,0x00000000d5580000,0x00000000d6400000)
  from space 1536K, 71% used [0x00000000d6700000,0x00000000d6812420,0x00000000d6880000)
  to   space 2048K, 0% used [0x00000000d6480000,0x00000000d6480000,0x00000000d6680000)
 ParOldGen       total 109568K, used 108668K [0x0000000080000000, 0x0000000086b00000, 0x00000000d5580000)
  object space 109568K, 99% used [0x0000000080000000,0x0000000086a1f278,0x0000000086b00000)
 Metaspace       used 68598K, committed 70208K, reserved 1114112K
  class space    used 7396K, committed 8064K, reserved 1048576K
}
Event: 1721.268 GC heap before
{Heap before GC invocations=118 (full 3):
 PSYoungGen      total 16384K, used 15914K [0x00000000d5580000, 0x00000000d6880000, 0x0000000100000000)
  eden space 14848K, 99% used [0x00000000d5580000,0x00000000d63f8660,0x00000000d6400000)
  from space 1536K, 71% used [0x00000000d6700000,0x00000000d6812420,0x00000000d6880000)
  to   space 2048K, 0% used [0x00000000d6480000,0x00000000d6480000,0x00000000d6680000)
 ParOldGen       total 109568K, used 108668K [0x0000000080000000, 0x0000000086b00000, 0x00000000d5580000)
  object space 109568K, 99% used [0x0000000080000000,0x0000000086a1f278,0x0000000086b00000)
 Metaspace       used 70145K, committed 71744K, reserved 1114112K
  class space    used 7533K, committed 8192K, reserved 1048576K
}
Event: 1721.269 GC heap after
{Heap after GC invocations=118 (full 3):
 PSYoungGen      total 16896K, used 816K [0x00000000d5580000, 0x00000000d6780000, 0x0000000100000000)
  eden space 14848K, 0% used [0x00000000d5580000,0x00000000d5580000,0x00000000d6400000)
  from space 2048K, 39% used [0x00000000d6480000,0x00000000d654c030,0x00000000d6680000)
  to   space 1024K, 0% used [0x00000000d6680000,0x00000000d6680000,0x00000000d6780000)
 ParOldGen       total 109568K, used 109558K [0x0000000080000000, 0x0000000086b00000, 0x00000000d5580000)
  object space 109568K, 99% used [0x0000000080000000,0x0000000086afd858,0x0000000086b00000)
 Metaspace       used 70145K, committed 71744K, reserved 1114112K
  class space    used 7533K, committed 8192K, reserved 1048576K
}
Event: 1721.335 GC heap before
{Heap before GC invocations=119 (full 3):
 PSYoungGen      total 16896K, used 15663K [0x00000000d5580000, 0x00000000d6780000, 0x0000000100000000)
  eden space 14848K, 99% used [0x00000000d5580000,0x00000000d63ffd00,0x00000000d6400000)
  from space 2048K, 39% used [0x00000000d6480000,0x00000000d654c030,0x00000000d6680000)
  to   space 1024K, 0% used [0x00000000d6680000,0x00000000d6680000,0x00000000d6780000)
 ParOldGen       total 109568K, used 109558K [0x0000000080000000, 0x0000000086b00000, 0x00000000d5580000)
  object space 109568K, 99% used [0x0000000080000000,0x0000000086afd858,0x0000000086b00000)
 Metaspace       used 70368K, committed 72064K, reserved 1114112K
  class space    used 7541K, committed 8256K, reserved 1048576K
}
Event: 1721.336 GC heap after
{Heap after GC invocations=119 (full 3):
 PSYoungGen      total 15360K, used 1007K [0x00000000d5580000, 0x00000000d6a00000, 0x0000000100000000)
  eden space 14336K, 0% used [0x00000000d5580000,0x00000000d5580000,0x00000000d6380000)
  from space 1024K, 98% used [0x00000000d6680000,0x00000000d677bc88,0x00000000d6780000)
  to   space 3072K, 0% used [0x00000000d6380000,0x00000000d6380000,0x00000000d6680000)
 ParOldGen       total 111104K, used 110987K [0x0000000080000000, 0x0000000086c80000, 0x00000000d5580000)
  object space 111104K, 99% used [0x0000000080000000,0x0000000086c62ff8,0x0000000086c80000)
 Metaspace       used 70368K, committed 72064K, reserved 1114112K
  class space    used 7541K, committed 8256K, reserved 1048576K
}
Event: 1721.364 GC heap before
{Heap before GC invocations=120 (full 3):
 PSYoungGen      total 15360K, used 15343K [0x00000000d5580000, 0x00000000d6a00000, 0x0000000100000000)
  eden space 14336K, 100% used [0x00000000d5580000,0x00000000d6380000,0x00000000d6380000)
  from space 1024K, 98% used [0x00000000d6680000,0x00000000d677bc88,0x00000000d6780000)
  to   space 3072K, 0% used [0x00000000d6380000,0x00000000d6380000,0x00000000d6680000)
 ParOldGen       total 111104K, used 110987K [0x0000000080000000, 0x0000000086c80000, 0x00000000d5580000)
  object space 111104K, 99% used [0x0000000080000000,0x0000000086c62ff8,0x0000000086c80000)
 Metaspace       used 70380K, committed 72064K, reserved 1114112K
  class space    used 7541K, committed 8256K, reserved 1048576K
}
Event: 1722.377 GC heap after
{Heap after GC invocations=120 (full 3):
 PSYoungGen      total 17408K, used 617K [0x00000000d5580000, 0x00000000d6980000, 0x0000000100000000)
  eden space 14336K, 0% used [0x00000000d5580000,0x00000000d5580000,0x00000000d6380000)
  from space 3072K, 20% used [0x00000000d6380000,0x00000000d641a798,0x00000000d6680000)
  to   space 1536K, 0% used [0x00000000d6800000,0x00000000d6800000,0x00000000d6980000)
 ParOldGen       total 112128K, used 111848K [0x0000000080000000, 0x0000000086d80000, 0x00000000d5580000)
  object space 112128K, 99% used [0x0000000080000000,0x0000000086d3a178,0x0000000086d80000)
 Metaspace       used 70380K, committed 72064K, reserved 1114112K
  class space    used 7541K, committed 8256K, reserved 1048576K
}
Event: 1722.420 GC heap before
{Heap before GC invocations=121 (full 3):
 PSYoungGen      total 17408K, used 14953K [0x00000000d5580000, 0x00000000d6980000, 0x0000000100000000)
  eden space 14336K, 100% used [0x00000000d5580000,0x00000000d6380000,0x00000000d6380000)
  from space 3072K, 20% used [0x00000000d6380000,0x00000000d641a798,0x00000000d6680000)
  to   space 1536K, 0% used [0x00000000d6800000,0x00000000d6800000,0x00000000d6980000)
 ParOldGen       total 112128K, used 111848K [0x0000000080000000, 0x0000000086d80000, 0x00000000d5580000)
  object space 112128K, 99% used [0x0000000080000000,0x0000000086d3a178,0x0000000086d80000)
 Metaspace       used 70905K, committed 72576K, reserved 1114112K
  class space    used 7583K, committed 8256K, reserved 1048576K
}
Event: 1722.420 GC heap after
{Heap after GC invocations=121 (full 3):
 PSYoungGen      total 14848K, used 384K [0x00000000d5580000, 0x00000000d6880000, 0x0000000100000000)
  eden space 14336K, 0% used [0x00000000d5580000,0x00000000d5580000,0x00000000d6380000)
  from space 512K, 75% used [0x00000000d6800000,0x00000000d6860000,0x00000000d6880000)
  to   space 1024K, 0% used [0x00000000d6680000,0x00000000d6680000,0x00000000d6780000)
 ParOldGen       total 112128K, used 111880K [0x0000000080000000, 0x0000000086d80000, 0x00000000d5580000)
  object space 112128K, 99% used [0x0000000080000000,0x0000000086d42178,0x0000000086d80000)
 Metaspace       used 70905K, committed 72576K, reserved 1114112K
  class space    used 7583K, committed 8256K, reserved 1048576K
}

