# JRE version: OpenJDK Runtime Environment Temurin-21.0.9+10 (21.0.9+10) (build 21.0.9+10-LTS)
# Java VM: OpenJDK 64-Bit Server VM Temurin-21.0.9+10 (21.0.9+10-LTS, mixed mode, sharing, tiered, compressed oops, compressed class ptrs, g1 gc, windows-amd64)
GC Precious Log:
 CardTable entry size: 512
 Card Set container configuration: InlinePtr #cards 4 size 8 Array Of Cards #cards 16 size 48 Howl #buckets 8 coarsen threshold 3686 Howl Bitmap #cards 512 size 80 coarsen threshold 460 Card regions per heap region 1 cards per card region 4096
 CPUs: 16 total, 16 available
 Memory: 15709M
 Large Page Support: Disabled
 NUMA Support: Disabled
 Compressed Oops: Enabled (Zero based)
 Heap Region Size: 2M
 Heap Min Capacity: 8M
 Heap Initial Capacity: 246M
 Heap Max Capacity: 3928M
 Pre-touch: Disabled
 Parallel Workers: 13
 Concurrent Workers: 3
 Concurrent Refinement Workers: 13
 Periodic GC: Disabled
Heap:
 garbage-first heap   total 212992K, used 103818K [0x000000070a800000, 0x0000000800000000)
  region size 2048K, 25 young (51200K), 6 survivors (12288K)
 Metaspace       used 83352K, committed 84416K, reserved 1179648K
  class space    used 11278K, committed 11776K, reserved 1048576K
GC Heap History (20 events):
Event: 1056.133 GC heap before
{Heap before GC invocations=42 (full 4):
 garbage-first heap   total 96256K, used 81693K [0x000000070a800000, 0x0000000800000000)
  region size 2048K, 20 young (40960K), 2 survivors (4096K)
 Metaspace       used 81195K, committed 82176K, reserved 1179648K
  class space    used 11158K, committed 11648K, reserved 1048576K
}
Event: 1056.136 GC heap after
{Heap after GC invocations=43 (full 4):
 garbage-first heap   total 96256K, used 46147K [0x000000070a800000, 0x0000000800000000)
  region size 2048K, 2 young (4096K), 2 survivors (4096K)
 Metaspace       used 81195K, committed 82176K, reserved 1179648K
  class space    used 11158K, committed 11648K, reserved 1048576K
}
Event: 1056.436 GC heap before
{Heap before GC invocations=43 (full 4):
 garbage-first heap   total 96256K, used 80963K [0x000000070a800000, 0x0000000800000000)
  region size 2048K, 19 young (38912K), 2 survivors (4096K)
 Metaspace       used 81276K, committed 82304K, reserved 1179648K
  class space    used 11163K, committed 11648K, reserved 1048576K
}
Event: 1056.442 GC heap after
{Heap after GC invocations=44 (full 4):
 garbage-first heap   total 96256K, used 48893K [0x000000070a800000, 0x0000000800000000)
  region size 2048K, 3 young (6144K), 3 survivors (6144K)
 Metaspace       used 81276K, committed 82304K, reserved 1179648K
  class space    used 11163K, committed 11648K, reserved 1048576K
}
Event: 1107.524 GC heap before
{Heap before GC invocations=44 (full 4):
 garbage-first heap   total 96256K, used 83709K [0x000000070a800000, 0x0000000800000000)
  region size 2048K, 20 young (40960K), 3 survivors (6144K)
 Metaspace       used 81548K, committed 82560K, reserved 1179648K
  class space    used 11172K, committed 11648K, reserved 1048576K
}
Event: 1107.528 GC heap after
{Heap after GC invocations=45 (full 4):
 garbage-first heap   total 96256K, used 49651K [0x000000070a800000, 0x0000000800000000)
  region size 2048K, 2 young (4096K), 2 survivors (4096K)
 Metaspace       used 81548K, committed 82560K, reserved 1179648K
  class space    used 11172K, committed 11648K, reserved 1048576K
}
Event: 1188.756 GC heap before
{Heap before GC invocations=46 (full 4):
 garbage-first heap   total 96256K, used 84467K [0x000000070a800000, 0x0000000800000000)
  region size 2048K, 19 young (38912K), 2 survivors (4096K)
 Metaspace       used 81607K, committed 82624K, reserved 1179648K
  class space    used 11176K, committed 11648K, reserved 1048576K
}
Event: 1188.761 GC heap after
{Heap after GC invocations=47 (full 4):
 garbage-first heap   total 96256K, used 52510K [0x000000070a800000, 0x0000000800000000)
  region size 2048K, 3 young (6144K), 3 survivors (6144K)
 Metaspace       used 81607K, committed 82624K, reserved 1179648K
  class space    used 11176K, committed 11648K, reserved 1048576K
}
Event: 1189.242 GC heap before
{Heap before GC invocations=47 (full 4):
 garbage-first heap   total 96256K, used 83230K [0x000000070a800000, 0x0000000800000000)
  region size 2048K, 18 young (36864K), 3 survivors (6144K)
 Metaspace       used 81869K, committed 82816K, reserved 1179648K
  class space    used 11190K, committed 11648K, reserved 1048576K
}
Event: 1189.246 GC heap after
{Heap after GC invocations=48 (full 4):
 garbage-first heap   total 96256K, used 55247K [0x000000070a800000, 0x0000000800000000)
  region size 2048K, 3 young (6144K), 3 survivors (6144K)
 Metaspace       used 81869K, committed 82816K, reserved 1179648K
  class space    used 11190K, committed 11648K, reserved 1048576K
}
Event: 1192.074 GC heap before
{Heap before GC invocations=48 (full 4):
 garbage-first heap   total 96256K, used 85967K [0x000000070a800000, 0x0000000800000000)
  region size 2048K, 18 young (36864K), 3 survivors (6144K)
 Metaspace       used 81906K, committed 82880K, reserved 1179648K
  class space    used 11193K, committed 11648K, reserved 1048576K
}
Event: 1192.078 GC heap after
{Heap after GC invocations=49 (full 4):
 garbage-first heap   total 96256K, used 56523K [0x000000070a800000, 0x0000000800000000)
  region size 2048K, 3 young (6144K), 3 survivors (6144K)
 Metaspace       used 81906K, committed 82880K, reserved 1179648K
  class space    used 11193K, committed 11648K, reserved 1048576K
}
Event: 1192.380 GC heap before
{Heap before GC invocations=50 (full 4):
 garbage-first heap   total 100352K, used 85195K [0x000000070a800000, 0x0000000800000000)
  region size 2048K, 17 young (34816K), 3 survivors (6144K)
 Metaspace       used 81969K, committed 82944K, reserved 1179648K
  class space    used 11196K, committed 11648K, reserved 1048576K
}
Event: 1192.385 GC heap after
{Heap after GC invocations=51 (full 4):
 garbage-first heap   total 280576K, used 58705K [0x000000070a800000, 0x0000000800000000)
  region size 2048K, 3 young (6144K), 3 survivors (6144K)
 Metaspace       used 81969K, committed 82944K, reserved 1179648K
  class space    used 11196K, committed 11648K, reserved 1048576K
}
Event: 1238.888 GC heap before
{Heap before GC invocations=51 (full 4):
 garbage-first heap   total 280576K, used 105809K [0x000000070a800000, 0x0000000800000000)
  region size 2048K, 28 young (57344K), 3 survivors (6144K)
 Metaspace       used 82339K, committed 83392K, reserved 1179648K
  class space    used 11216K, committed 11712K, reserved 1048576K
}
Event: 1238.926 GC heap after
{Heap after GC invocations=52 (full 5):
 garbage-first heap   total 212992K, used 54726K [0x000000070a800000, 0x0000000800000000)
  region size 2048K, 0 young (0K), 0 survivors (0K)
 Metaspace       used 82339K, committed 83392K, reserved 1179648K
  class space    used 11216K, committed 11712K, reserved 1048576K
}
Event: 1250.693 GC heap before
{Heap before GC invocations=52 (full 5):
 garbage-first heap   total 212992K, used 173510K [0x000000070a800000, 0x0000000800000000)
  region size 2048K, 59 young (120832K), 0 survivors (0K)
 Metaspace       used 82662K, committed 83712K, reserved 1179648K
  class space    used 11235K, committed 11712K, reserved 1048576K
}
Event: 1250.696 GC heap after
{Heap after GC invocations=53 (full 5):
 garbage-first heap   total 212992K, used 61362K [0x000000070a800000, 0x0000000800000000)
  region size 2048K, 4 young (8192K), 4 survivors (8192K)
 Metaspace       used 82662K, committed 83712K, reserved 1179648K
  class space    used 11235K, committed 11712K, reserved 1048576K
}
Event: 1258.436 GC heap before
{Heap before GC invocations=54 (full 5):
 garbage-first heap   total 212992K, used 178098K [0x000000070a800000, 0x0000000800000000)
  region size 2048K, 62 young (126976K), 4 survivors (8192K)
 Metaspace       used 83091K, committed 84224K, reserved 1179648K
  class space    used 11261K, committed 11776K, reserved 1048576K
}
Event: 1258.443 GC heap after
{Heap after GC invocations=55 (full 5):
 garbage-first heap   total 212992K, used 66954K [0x000000070a800000, 0x0000000800000000)
  region size 2048K, 6 young (12288K), 6 survivors (12288K)
 Metaspace       used 83091K, committed 84224K, reserved 1179648K
  class space    used 11261K, committed 11776K, reserved 1048576K
}

