<?xml version="1.0" encoding="UTF-8"?>
<testsuite xmlns:xsi="http://www.w3.org/2001/XMLSchema-instance" xsi:noNamespaceSchemaLocation="https://maven.apache.org/surefire/maven-surefire-plugin/xsd/surefire-test-report.xsd" version="3.0.2" name="com.portfolio.subhashissahu.SubhashissahuApplicationTests" time="7.599" tests="1" errors="0" skipped="0" failures="0">
  <properties>
[...]
</properties>
  <testcase name="contextLoads" classname="com.portfolio.subhashissahu.SubhashissahuApplicationTests" time="0.324">
    <system-out><![CDATA[02:26:41.535 [main] INFO org.springframework.test.context.support.AnnotationConfigContextLoaderUtils -- Could not detect default configuration classes for test class [com.portfolio.subhashissahu.SubhashissahuApplicationTests]: SubhashissahuApplicationTests does not declare any static, non-private, non-final, nested classes annotated with @Configuration.
02:26:41.641 [main] INFO org.springframework.boot.test.context.SpringBootTestContextBootstrapper -- Found @SpringBootConfiguration com.portfolio.subhashissahu.SubhashissahuApplication for test class com.portfolio.subhashissahu.SubhashissahuApplicationTests
02:26:41.789 [main] INFO org.springframework.boot.devtools.restart.RestartApplicationListener -- Restart disabled due to context in which it is running

  .   ____          _            __ _ _
 /\\ / ___'_ __ _ _(_)_ __  __ _ \ \ \ \
( ( )\___ | '_ | '_| | '_ \/ _` | \ \ \ \
 \\/  ___)| |_)| | | | | || (_| |  ) ) ) )
  '  |____| .__|_| |_|_| |_\__, | / / / /
 =========|_|==============|___/=/_/_/_/

 :: Spring Boot ::                (v4.0.2)

2026-01-26T02:26:42.046+05:30  INFO 756 --- [subhashissahu] [           main] c.p.s.SubhashissahuApplicationTests      : Starting SubhashissahuApplicationTests using Java 23.0.1 with PID 756 (started by sahus in D:\BackEnd-Projects\subhashissahu\subhashissahu)
2026-01-26T02:26:42.049+05:30  INFO 756 --- [subhashissahu] [           main] c.p.s.SubhashissahuApplicationTests      : No active profile set, falling back to 1 default profile: "default"
2026-01-26T02:26:42.770+05:30  INFO 756 --- [subhashissahu] [           main] .s.d.r.c.RepositoryConfigurationDelegate : Bootstrapping Spring Data JPA repositories in DEFAULT mode.
2026-01-26T02:26:42.817+05:30  INFO 756 --- [subhashissahu] [           main] .s.d.r.c.RepositoryConfigurationDelegate : Finished Spring Data repository scanning in 37 ms. Found 2 JPA repository interfaces.
2026-01-26T02:26:43.365+05:30  INFO 756 --- [subhashissahu] [           main] org.hibernate.orm.jpa                    : HHH008540: Processing PersistenceUnitInfo [name: default]
2026-01-26T02:26:43.448+05:30  INFO 756 --- [subhashissahu] [           main] org.hibernate.orm.core                   : HHH000001: Hibernate ORM core version 7.2.1.Final
2026-01-26T02:26:43.973+05:30  INFO 756 --- [subhashissahu] [           main] o.s.o.j.p.SpringPersistenceUnitInfo      : No LoadTimeWeaver setup: ignoring JPA class transformer
2026-01-26T02:26:44.004+05:30  INFO 756 --- [subhashissahu] [           main] com.zaxxer.hikari.HikariDataSource       : HikariPool-1 - Starting...
2026-01-26T02:26:45.432+05:30  INFO 756 --- [subhashissahu] [           main] com.zaxxer.hikari.pool.HikariPool        : HikariPool-1 - Added connection org.postgresql.jdbc.PgConnection@21dd9203
2026-01-26T02:26:45.433+05:30  INFO 756 --- [subhashissahu] [           main] com.zaxxer.hikari.HikariDataSource       : HikariPool-1 - Start completed.
2026-01-26T02:26:45.580+05:30  WARN 756 --- [subhashissahu] [           main] org.hibernate.orm.deprecation            : HHH90000025: PostgreSQLDialect does not need to be specified explicitly using 'hibernate.dialect' (remove the property setting and it will be selected by default)
2026-01-26T02:26:45.882+05:30  INFO 756 --- [subhashissahu] [           main] org.hibernate.orm.connections.pooling    : HHH10001005: Database info:
	Database JDBC URL [jdbc:postgresql://db.jwmrdzhryaoypspfiisn.supabase.co:5432/postgres?]
	Database driver: PostgreSQL JDBC Driver
	Database dialect: PostgreSQLDialect
	Database version: 17.6
	Default catalog/schema: postgres/public
	Autocommit mode: undefined/unknown
	Isolation level: READ_COMMITTED [default READ_COMMITTED]
	JDBC fetch size: none
	Pool: DataSourceConnectionProvider
	Minimum pool size: undefined/unknown
	Maximum pool size: undefined/unknown
2026-01-26T02:26:46.566+05:30  INFO 756 --- [subhashissahu] [           main] org.hibernate.orm.core                   : HHH000182: No default (no-argument) constructor for class [com.portfolio.subhashissahu.model.Works] (class must be instantiated by Interceptor)
2026-01-26T02:26:46.717+05:30  INFO 756 --- [subhashissahu] [           main] org.hibernate.orm.core                   : HHH000489: No JTA platform available (set 'hibernate.transaction.jta.platform' to enable JTA platform integration)
2026-01-26T02:26:47.180+05:30  INFO 756 --- [subhashissahu] [           main] j.LocalContainerEntityManagerFactoryBean : Initialized JPA EntityManagerFactory for persistence unit 'default'
2026-01-26T02:26:47.267+05:30  INFO 756 --- [subhashissahu] [           main] o.s.d.j.r.query.QueryEnhancerFactories   : Hibernate is in classpath; If applicable, HQL parser will be used.
2026-01-26T02:26:47.414+05:30  WARN 756 --- [subhashissahu] [           main] JpaBaseConfiguration$JpaWebConfiguration : spring.jpa.open-in-view is enabled by default. Therefore, database queries may be performed during view rendering. Explicitly configure spring.jpa.open-in-view to disable this warning
2026-01-26T02:26:47.590+05:30  INFO 756 --- [subhashissahu] [           main] r$InitializeUserDetailsManagerConfigurer : Global AuthenticationManager configured with UserDetailsService bean with name inMemoryUserDetailsManager
2026-01-26T02:26:47.828+05:30 DEBUG 756 --- [subhashissahu] [           main] o.s.s.web.DefaultSecurityFilterChain     : Will secure any request with filters: DisableEncodeUrlFilter, WebAsyncManagerIntegrationFilter, SecurityContextHolderFilter, HeaderWriterFilter, CorsFilter, LogoutFilter, UsernamePasswordAuthenticationFilter, DefaultResourcesFilter, DefaultLoginPageGeneratingFilter, DefaultLogoutPageGeneratingFilter, RequestCacheAwareFilter, SecurityContextHolderAwareRequestFilter, AnonymousAuthenticationFilter, ExceptionTranslationFilter, AuthorizationFilter
2026-01-26T02:26:48.456+05:30  INFO 756 --- [subhashissahu] [           main] o.s.b.a.e.web.EndpointLinksResolver      : Exposing 1 endpoint beneath base path '/actuator'
2026-01-26T02:26:48.526+05:30  INFO 756 --- [subhashissahu] [           main] c.p.s.SubhashissahuApplicationTests      : Started SubhashissahuApplicationTests in 6.747 seconds (process running for 7.927)
]]></system-out>
    <system-err><![CDATA[Mockito is currently self-attaching to enable the inline-mock-maker. This will no longer work in future releases of the JDK. Please add Mockito as an agent to your build as described in Mockito's documentation: https://javadoc.io/doc/org.mockito/mockito-core/latest/org.mockito/org/mockito/Mockito.html#0.3
WARNING: A Java agent has been loaded dynamically (C:\Users\sahus\.m2\repository\net\bytebuddy\byte-buddy-agent\1.17.8\byte-buddy-agent-1.17.8.jar)
WARNING: If a serviceability tool is in use, please run with -XX:+EnableDynamicAgentLoading to hide this warning
WARNING: If a serviceability tool is not in use, please run with -Djdk.instrument.traceUsage for more information
WARNING: Dynamic loading of agents will be disallowed by default in a future release
]]></system-err>
  </testcase>
</testsuite>